<?xml version="1.0" encoding="UTF-8"?>
<testng-results ignored="0" total="4" passed="3" failed="1" skipped="0">
  <reporter-output>
  </reporter-output>
  <suite started-at="2023-08-30T05:21:07 IST" name="Suite" finished-at="2023-08-30T05:21:37 IST" duration-ms="30773">
    <groups>
      <group name="ErrorHandling">
        <method signature="ErrorValidations.Submit()[pri:0, instance:sasiguidess.implementations.testcomponents.ErrorValidations@16293aa2]" name="Submit" class="sasiguidess.implementations.testcomponents.ErrorValidations"/>
      </group> <!-- ErrorHandling -->
      <group name="Purchase">
        <method signature="Demo1.submitOrder(java.util.HashMap)[pri:0, instance:sasiguidess.test.newTesting.Demo1@42a48628]" name="submitOrder" class="sasiguidess.test.newTesting.Demo1"/>
      </group> <!-- Purchase -->
    </groups>
    <test started-at="2023-08-30T05:21:07 IST" name="Test" finished-at="2023-08-30T05:21:37 IST" duration-ms="30773">
      <class name="sasiguidess.implementations.testcomponents.ErrorValidations">
        <test-method is-config="true" signature="launchApplication()[pri:0, instance:sasiguidess.implementations.testcomponents.ErrorValidations@16293aa2]" started-at="2023-08-30T05:21:07 IST" name="launchApplication" finished-at="2023-08-30T05:21:11 IST" duration-ms="4072" status="PASS">
          <reporter-output>
          </reporter-output>
        </test-method> <!-- launchApplication -->
        <test-method signature="Submit()[pri:0, instance:sasiguidess.implementations.testcomponents.ErrorValidations@16293aa2]" started-at="2023-08-30T05:21:11 IST" name="Submit" finished-at="2023-08-30T05:21:12 IST" duration-ms="1257" status="FAIL">
          <exception class="java.lang.AssertionError">
            <message>
              <![CDATA[expected [Login Successfully] but found [Incorrect email or password.]]]>
            </message>
            <full-stacktrace>
              <![CDATA[java.lang.AssertionError: expected [Login Successfully] but found [Incorrect email or password.]
at org.testng.Assert.fail(Assert.java:99)
at org.testng.Assert.failNotEquals(Assert.java:1037)
at org.testng.Assert.assertEqualsImpl(Assert.java:140)
at org.testng.Assert.assertEquals(Assert.java:122)
at org.testng.Assert.assertEquals(Assert.java:629)
at org.testng.Assert.assertEquals(Assert.java:639)
at sasiguidess.implementations.testcomponents.ErrorValidations.Submit(ErrorValidations.java:15)
at java.base/jdk.internal.reflect.NativeMethodAccessorImpl.invoke0(Native Method)
at java.base/jdk.internal.reflect.NativeMethodAccessorImpl.invoke(NativeMethodAccessorImpl.java:77)
at java.base/jdk.internal.reflect.DelegatingMethodAccessorImpl.invoke(DelegatingMethodAccessorImpl.java:43)
at java.base/java.lang.reflect.Method.invoke(Method.java:568)
at org.testng.internal.MethodInvocationHelper.invokeMethod(MethodInvocationHelper.java:133)
at org.testng.internal.TestInvoker.invokeMethod(TestInvoker.java:598)
at org.testng.internal.TestInvoker.invokeTestMethod(TestInvoker.java:173)
at org.testng.internal.MethodRunner.runInSequence(MethodRunner.java:46)
at org.testng.internal.TestInvoker$MethodInvocationAgent.invoke(TestInvoker.java:824)
at org.testng.internal.TestInvoker.invokeTestMethods(TestInvoker.java:146)
at org.testng.internal.TestMethodWorker.invokeTestMethods(TestMethodWorker.java:146)
at org.testng.internal.TestMethodWorker.run(TestMethodWorker.java:128)
at java.base/java.util.ArrayList.forEach(ArrayList.java:1511)
at org.testng.TestRunner.privateRun(TestRunner.java:794)
at org.testng.TestRunner.run(TestRunner.java:596)
at org.testng.SuiteRunner.runTest(SuiteRunner.java:377)
at org.testng.SuiteRunner.runSequentially(SuiteRunner.java:371)
at org.testng.SuiteRunner.privateRun(SuiteRunner.java:332)
at org.testng.SuiteRunner.run(SuiteRunner.java:276)
at org.testng.SuiteRunnerWorker.runSuite(SuiteRunnerWorker.java:53)
at org.testng.SuiteRunnerWorker.run(SuiteRunnerWorker.java:96)
at org.testng.TestNG.runSuitesSequentially(TestNG.java:1212)
at org.testng.TestNG.runSuitesLocally(TestNG.java:1134)
at org.testng.TestNG.runSuites(TestNG.java:1063)
at org.testng.TestNG.run(TestNG.java:1031)
at org.testng.remote.AbstractRemoteTestNG.run(AbstractRemoteTestNG.java:115)
at org.testng.remote.RemoteTestNG.initAndRun(RemoteTestNG.java:251)
at org.testng.remote.RemoteTestNG.main(RemoteTestNG.java:77)
]]>
            </full-stacktrace>
          </exception> <!-- java.lang.AssertionError -->
          <reporter-output>
          </reporter-output>
        </test-method> <!-- Submit -->
        <test-method is-config="true" signature="tearDown()[pri:0, instance:sasiguidess.implementations.testcomponents.ErrorValidations@16293aa2]" started-at="2023-08-30T05:21:12 IST" name="tearDown" finished-at="2023-08-30T05:21:12 IST" duration-ms="239" status="PASS">
          <reporter-output>
          </reporter-output>
        </test-method> <!-- tearDown -->
      </class> <!-- sasiguidess.implementations.testcomponents.ErrorValidations -->
      <class name="sasiguidess.test.newTesting.Demo1">
        <test-method is-config="true" signature="launchApplication()[pri:0, instance:sasiguidess.test.newTesting.Demo1@42a48628]" started-at="2023-08-30T05:21:12 IST" name="launchApplication" finished-at="2023-08-30T05:21:15 IST" duration-ms="2497" status="PASS">
          <reporter-output>
          </reporter-output>
        </test-method> <!-- launchApplication -->
        <test-method signature="submitOrder(java.util.HashMap)[pri:0, instance:sasiguidess.test.newTesting.Demo1@42a48628]" started-at="2023-08-30T05:21:15 IST" name="submitOrder" data-provider="getData" finished-at="2023-08-30T05:21:29 IST" duration-ms="14373" status="PASS">
          <params>
            <param index="0">
              <value>
                <![CDATA[{password=Sasikiran@2213, product=ZARA COAT 3, email=sasikiran2213@gmail.com}]]>
              </value>
            </param>
          </params>
          <reporter-output>
          </reporter-output>
        </test-method> <!-- submitOrder -->
        <test-method is-config="true" signature="tearDown()[pri:0, instance:sasiguidess.test.newTesting.Demo1@42a48628]" started-at="2023-08-30T05:21:29 IST" name="tearDown" finished-at="2023-08-30T05:21:29 IST" duration-ms="114" status="PASS">
          <reporter-output>
          </reporter-output>
        </test-method> <!-- tearDown -->
        <test-method is-config="true" signature="launchApplication()[pri:0, instance:sasiguidess.test.newTesting.Demo1@42a48628]" started-at="2023-08-30T05:21:29 IST" name="launchApplication" finished-at="2023-08-30T05:21:31 IST" duration-ms="1578" status="PASS">
          <reporter-output>
          </reporter-output>
        </test-method> <!-- launchApplication -->
        <test-method signature="submitOrder(java.util.HashMap)[pri:0, instance:sasiguidess.test.newTesting.Demo1@42a48628]" started-at="2023-08-30T05:21:31 IST" name="submitOrder" data-provider="getData" finished-at="2023-08-30T05:21:34 IST" duration-ms="2987" status="PASS">
          <params>
            <param index="0">
              <value>
                <![CDATA[{password=Sasikiran@2213, product=ZARA COAT 3, email=sasikiran2213@gmail.com}]]>
              </value>
            </param>
          </params>
          <reporter-output>
          </reporter-output>
        </test-method> <!-- submitOrder -->
        <test-method is-config="true" signature="tearDown()[pri:0, instance:sasiguidess.test.newTesting.Demo1@42a48628]" started-at="2023-08-30T05:21:34 IST" name="tearDown" finished-at="2023-08-30T05:21:34 IST" duration-ms="169" status="PASS">
          <reporter-output>
          </reporter-output>
        </test-method> <!-- tearDown -->
        <test-method is-config="true" signature="launchApplication()[pri:0, instance:sasiguidess.test.newTesting.Demo1@42a48628]" started-at="2023-08-30T05:21:34 IST" name="launchApplication" finished-at="2023-08-30T05:21:36 IST" duration-ms="2370" status="PASS">
          <reporter-output>
          </reporter-output>
        </test-method> <!-- launchApplication -->
        <test-method signature="OrderHistroyTest()[pri:0, instance:sasiguidess.test.newTesting.Demo1@42a48628]" started-at="2023-08-30T05:21:36 IST" name="OrderHistroyTest" finished-at="2023-08-30T05:21:37 IST" depends-on-methods="sasiguidess.test.newTesting.Demo1.submitOrder" duration-ms="636" status="PASS">
          <reporter-output>
          </reporter-output>
        </test-method> <!-- OrderHistroyTest -->
        <test-method is-config="true" signature="tearDown()[pri:0, instance:sasiguidess.test.newTesting.Demo1@42a48628]" started-at="2023-08-30T05:21:37 IST" name="tearDown" finished-at="2023-08-30T05:21:37 IST" duration-ms="206" status="PASS">
          <reporter-output>
          </reporter-output>
        </test-method> <!-- tearDown -->
      </class> <!-- sasiguidess.test.newTesting.Demo1 -->
    </test> <!-- Test -->
  </suite> <!-- Suite -->
</testng-results>
